<?xml version="1.0" encoding="UTF-8"?>
<testsuite xmlns:xsi="http://www.w3.org/2001/XMLSchema-instance" xsi:noNamespaceSchemaLocation="https://maven.apache.org/surefire/maven-surefire-plugin/xsd/surefire-test-report-3.0.xsd" version="3.0" name="StepDefinitions.TestRunner" time="37.749" tests="2" errors="0" skipped="0" failures="0">
  <properties>
[...]
</properties>
  <testcase name="Check login is successful with valid credentials" classname="feature to test login functionality" time="27.203">
    <system-out><![CDATA[
@RegressionFeature @regression
Scenario: Check login is successful with valid credentials # src/test/resources/Features/BrowserStackLogin.feature:6
Inside Step - user is on login page
  Given user is on login page                              # StepDefinitions.LoginSteps.user_is_on_login_page()
Inside Step- user enters username and password 
  When user enters username and password                   # StepDefinitions.LoginSteps.user_enters_username_and_password()
Inside step- user clicks on the login button
  And clicks on login button                               # StepDefinitions.LoginSteps.clicks_on_login_button()
The home page url is: https://live.browserstack.com/dashboard#os=android&os_version=12.0&device=Samsung+Galaxy+S22+Ultra&device_browser=chrome&zoom_to_fit=true&full_screen=true&url=https%3A%2F%2Fwww.google.com%2F&speed=1
The homepage Title is:Dashboard
Inside step - user is navigated to the home page
  Then user is navigated to the home page                  # StepDefinitions.LoginSteps.user_is_navigated_to_the_home_page()
]]></system-out>
    <system-err><![CDATA[SLF4J: Failed to load class "org.slf4j.impl.StaticLoggerBinder".
SLF4J: Defaulting to no-operation (NOP) logger implementation
SLF4J: See http://www.slf4j.org/codes.html#StaticLoggerBinder for further details.
Nov 05, 2023 10:27:12 PM org.openqa.selenium.devtools.CdpVersionFinder findNearestMatch
WARNING: Unable to find an exact match for CDP version 119, so returning the closest version found: 115
]]></system-err>
  </testcase>
  <testcase name="Validate Google search is working" classname="to test google search functionality" time="10.214">
    <system-out><![CDATA[
@RegressionFeature @regression
Scenario: Validate Google search is working # src/test/resources/Features/GoogleSearch.feature:5
Inside step - Browser opened
  Given browser is open                     # StepDefinitions.GoogleSearchSteps.browser_is_open()
https://www.google.com/
Inside step - User is on Google search page
  And user is on google search page         # StepDefinitions.GoogleSearchSteps.user_is_on_google_search_page()
Inside step - user enters a text in search box
  When user enters a text in search box     # StepDefinitions.GoogleSearchSteps.user_enters_a_text_in_search_box()
Inside step - User hits the enter button
  And hits enter                            # StepDefinitions.GoogleSearchSteps.hits_enter()
https://www.google.com/search?q=Automation&sca_esv=579702589&ei=L11IZZONAYmkptQP6MGEqAc&ved=0ahUKEwjT4Pr-tq6CAxUJkokEHeggAXUQ4dUDCBA&uact=5&oq=Automation&gs_lp=Egxnd3Mtd2l6LXNlcnAiCkF1dG9tYXRpb25IAFAAWABwAHgBkAEAmAEAoAEAqgEAuAEDyAEA4gMEGAAgQQ&sclient=gws-wiz-serp
User is navigated to search results
  Then user is navigated to search results  # StepDefinitions.GoogleSearchSteps.user_is_navigated_to_search_results()
]]></system-out>
    <system-err><![CDATA[Nov 05, 2023 10:27:38 PM org.openqa.selenium.devtools.CdpVersionFinder findNearestMatch
WARNING: Unable to find an exact match for CDP version 119, so returning the closest version found: 115
]]></system-err>
  </testcase>
</testsuite>